[2025-02-07T11:07:33.445+0530][gc,init] CardTable entry size: 512
[2025-02-07T11:07:33.445+0530][gc     ] Using G1
[2025-02-07T11:07:33.446+0530][gc,init] Version: 23+37-2369 (release)
[2025-02-07T11:07:33.446+0530][gc,init] CPUs: 8 total, 8 available
[2025-02-07T11:07:33.446+0530][gc,init] Memory: 8192M
[2025-02-07T11:07:33.446+0530][gc,init] Large Page Support: Disabled
[2025-02-07T11:07:33.446+0530][gc,init] NUMA Support: Disabled
[2025-02-07T11:07:33.446+0530][gc,init] Compressed Oops: Enabled (Zero based)
[2025-02-07T11:07:33.446+0530][gc,init] Heap Region Size: 1M
[2025-02-07T11:07:33.446+0530][gc,init] Heap Min Capacity: 1G
[2025-02-07T11:07:33.446+0530][gc,init] Heap Initial Capacity: 1G
[2025-02-07T11:07:33.446+0530][gc,init] Heap Max Capacity: 1G
[2025-02-07T11:07:33.446+0530][gc,init] Pre-touch: Disabled
[2025-02-07T11:07:33.446+0530][gc,init] Parallel Workers: 8
[2025-02-07T11:07:33.446+0530][gc,init] Concurrent Workers: 2
[2025-02-07T11:07:33.446+0530][gc,init] Concurrent Refinement Workers: 8
[2025-02-07T11:07:33.446+0530][gc,init] Periodic GC: Disabled
[2025-02-07T11:07:33.449+0530][gc,metaspace] CDS archive(s) mapped at: [0x0000400000000000-0x0000400000d94000-0x0000400000d94000), size 14237696, SharedBaseAddress: 0x0000400000000000, ArchiveRelocationMode: 1.
[2025-02-07T11:07:33.449+0530][gc,metaspace] Compressed class space mapped at: 0x0000400001000000-0x0000400041000000, reserved size: 1073741824
[2025-02-07T11:07:33.449+0530][gc,metaspace] Narrow klass base: 0x0000400000000000, Narrow klass shift: 0, Narrow klass range: 0x100000000
[2025-02-07T11:07:34.018+0530][gc,start    ] GC(0) Pause Young (Normal) (G1 Evacuation Pause)
[2025-02-07T11:07:34.018+0530][gc,task     ] GC(0) Using 8 workers of 8 for evacuation
[2025-02-07T11:07:34.021+0530][gc,phases   ] GC(0)   Pre Evacuate Collection Set: 0.11ms
[2025-02-07T11:07:34.021+0530][gc,phases   ] GC(0)   Merge Heap Roots: 0.05ms
[2025-02-07T11:07:34.021+0530][gc,phases   ] GC(0)   Evacuate Collection Set: 2.12ms
[2025-02-07T11:07:34.021+0530][gc,phases   ] GC(0)   Post Evacuate Collection Set: 0.21ms
[2025-02-07T11:07:34.021+0530][gc,phases   ] GC(0)   Other: 0.16ms
[2025-02-07T11:07:34.021+0530][gc,heap     ] GC(0) Eden regions: 51->0(44)
[2025-02-07T11:07:34.021+0530][gc,heap     ] GC(0) Survivor regions: 0->7(7)
[2025-02-07T11:07:34.021+0530][gc,heap     ] GC(0) Old regions: 2->3
[2025-02-07T11:07:34.021+0530][gc,heap     ] GC(0) Humongous regions: 0->0
[2025-02-07T11:07:34.021+0530][gc,metaspace] GC(0) Metaspace: 16821K(17024K)->16821K(17024K) NonClass: 14777K(14848K)->14777K(14848K) Class: 2044K(2176K)->2044K(2176K)
[2025-02-07T11:07:34.021+0530][gc          ] GC(0) Pause Young (Normal) (G1 Evacuation Pause) 52M->9M(1024M) 2.786ms
[2025-02-07T11:07:34.021+0530][gc,cpu      ] GC(0) User=0.01s Sys=0.00s Real=0.01s
[2025-02-07T11:07:34.129+0530][gc,start    ] GC(1) Pause Young (Concurrent Start) (Metadata GC Threshold)
[2025-02-07T11:07:34.129+0530][gc,task     ] GC(1) Using 8 workers of 8 for evacuation
[2025-02-07T11:07:34.132+0530][gc,phases   ] GC(1)   Pre Evacuate Collection Set: 0.10ms
[2025-02-07T11:07:34.132+0530][gc,phases   ] GC(1)   Merge Heap Roots: 0.02ms
[2025-02-07T11:07:34.132+0530][gc,phases   ] GC(1)   Evacuate Collection Set: 2.55ms
[2025-02-07T11:07:34.132+0530][gc,phases   ] GC(1)   Post Evacuate Collection Set: 0.15ms
[2025-02-07T11:07:34.132+0530][gc,phases   ] GC(1)   Other: 0.05ms
[2025-02-07T11:07:34.132+0530][gc,heap     ] GC(1) Eden regions: 18->0(49)
[2025-02-07T11:07:34.132+0530][gc,heap     ] GC(1) Survivor regions: 7->2(7)
[2025-02-07T11:07:34.132+0530][gc,heap     ] GC(1) Old regions: 3->11
[2025-02-07T11:07:34.132+0530][gc,heap     ] GC(1) Humongous regions: 0->0
[2025-02-07T11:07:34.132+0530][gc,metaspace] GC(1) Metaspace: 21296K(21504K)->21296K(21504K) NonClass: 18698K(18816K)->18698K(18816K) Class: 2597K(2688K)->2597K(2688K)
[2025-02-07T11:07:34.132+0530][gc          ] GC(1) Pause Young (Concurrent Start) (Metadata GC Threshold) 26M->10M(1024M) 2.963ms
[2025-02-07T11:07:34.132+0530][gc          ] GC(2) Concurrent Mark Cycle
[2025-02-07T11:07:34.132+0530][gc,cpu      ] GC(1) User=0.01s Sys=0.00s Real=0.01s
[2025-02-07T11:07:34.132+0530][gc,marking  ] GC(2) Concurrent Scan Root Regions
[2025-02-07T11:07:34.133+0530][gc,marking  ] GC(2) Concurrent Scan Root Regions 1.597ms
[2025-02-07T11:07:34.133+0530][gc,marking  ] GC(2) Concurrent Mark
[2025-02-07T11:07:34.133+0530][gc,marking  ] GC(2) Concurrent Mark From Roots
[2025-02-07T11:07:34.133+0530][gc,task     ] GC(2) Using 2 workers of 2 for marking
[2025-02-07T11:07:34.134+0530][gc,marking  ] GC(2) Concurrent Mark From Roots 0.716ms
[2025-02-07T11:07:34.134+0530][gc,marking  ] GC(2) Concurrent Preclean
[2025-02-07T11:07:34.134+0530][gc,marking  ] GC(2) Concurrent Preclean 0.438ms
[2025-02-07T11:07:34.134+0530][gc,start    ] GC(2) Pause Remark
[2025-02-07T11:07:34.135+0530][gc          ] GC(2) Pause Remark 11M->11M(1024M) 0.903ms
[2025-02-07T11:07:34.135+0530][gc,cpu      ] GC(2) User=0.01s Sys=0.00s Real=0.00s
[2025-02-07T11:07:34.135+0530][gc,marking  ] GC(2) Concurrent Mark 2.114ms
[2025-02-07T11:07:34.135+0530][gc,marking  ] GC(2) Concurrent Rebuild Remembered Sets and Scrub Regions
[2025-02-07T11:07:34.136+0530][gc,marking  ] GC(2) Concurrent Rebuild Remembered Sets and Scrub Regions 1.053ms
[2025-02-07T11:07:34.136+0530][gc,start    ] GC(2) Pause Cleanup
[2025-02-07T11:07:34.136+0530][gc          ] GC(2) Pause Cleanup 11M->11M(1024M) 0.017ms
[2025-02-07T11:07:34.136+0530][gc,cpu      ] GC(2) User=0.00s Sys=0.00s Real=0.00s
[2025-02-07T11:07:34.136+0530][gc,marking  ] GC(2) Concurrent Clear Claimed Marks
[2025-02-07T11:07:34.136+0530][gc,marking  ] GC(2) Concurrent Clear Claimed Marks 0.006ms
[2025-02-07T11:07:34.136+0530][gc,marking  ] GC(2) Concurrent Cleanup for Next Mark
[2025-02-07T11:07:34.138+0530][gc,marking  ] GC(2) Concurrent Cleanup for Next Mark 1.061ms
[2025-02-07T11:07:34.138+0530][gc          ] GC(2) Concurrent Mark Cycle 5.961ms
[2025-02-07T11:07:34.570+0530][gc,start    ] GC(3) Pause Young (Prepare Mixed) (G1 Evacuation Pause)
[2025-02-07T11:07:34.571+0530][gc,task     ] GC(3) Using 8 workers of 8 for evacuation
[2025-02-07T11:07:34.572+0530][gc,phases   ] GC(3)   Pre Evacuate Collection Set: 0.12ms
[2025-02-07T11:07:34.572+0530][gc,phases   ] GC(3)   Merge Heap Roots: 0.03ms
[2025-02-07T11:07:34.572+0530][gc,phases   ] GC(3)   Evacuate Collection Set: 1.37ms
[2025-02-07T11:07:34.572+0530][gc,phases   ] GC(3)   Post Evacuate Collection Set: 0.19ms
[2025-02-07T11:07:34.572+0530][gc,phases   ] GC(3)   Other: 0.04ms
[2025-02-07T11:07:34.572+0530][gc,heap     ] GC(3) Eden regions: 49->0(45)
[2025-02-07T11:07:34.572+0530][gc,heap     ] GC(3) Survivor regions: 2->6(7)
[2025-02-07T11:07:34.572+0530][gc,heap     ] GC(3) Old regions: 11->11
[2025-02-07T11:07:34.572+0530][gc,heap     ] GC(3) Humongous regions: 129->129
[2025-02-07T11:07:34.572+0530][gc,metaspace] GC(3) Metaspace: 31052K(31360K)->31052K(31360K) NonClass: 27498K(27648K)->27498K(27648K) Class: 3553K(3712K)->3553K(3712K)
[2025-02-07T11:07:34.572+0530][gc          ] GC(3) Pause Young (Prepare Mixed) (G1 Evacuation Pause) 188M->143M(1024M) 1.837ms
[2025-02-07T11:07:34.572+0530][gc,cpu      ] GC(3) User=0.01s Sys=0.00s Real=0.00s
[2025-02-07T11:07:34.668+0530][gc,start    ] GC(4) Pause Young (Mixed) (Metadata GC Threshold)
[2025-02-07T11:07:34.668+0530][gc,task     ] GC(4) Using 8 workers of 8 for evacuation
[2025-02-07T11:07:34.671+0530][gc,phases   ] GC(4)   Pre Evacuate Collection Set: 0.13ms
[2025-02-07T11:07:34.671+0530][gc,phases   ] GC(4)   Merge Heap Roots: 0.03ms
[2025-02-07T11:07:34.671+0530][gc,phases   ] GC(4)   Evacuate Collection Set: 1.79ms
[2025-02-07T11:07:34.671+0530][gc,phases   ] GC(4)   Post Evacuate Collection Set: 0.19ms
[2025-02-07T11:07:34.671+0530][gc,phases   ] GC(4)   Other: 0.03ms
[2025-02-07T11:07:34.671+0530][gc,heap     ] GC(4) Eden regions: 20->0(49)
[2025-02-07T11:07:34.671+0530][gc,heap     ] GC(4) Survivor regions: 6->2(7)
[2025-02-07T11:07:34.671+0530][gc,heap     ] GC(4) Old regions: 11->15
[2025-02-07T11:07:34.671+0530][gc,heap     ] GC(4) Humongous regions: 129->129
[2025-02-07T11:07:34.671+0530][gc,metaspace] GC(4) Metaspace: 35741K(36096K)->35741K(36096K) NonClass: 31693K(31872K)->31693K(31872K) Class: 4047K(4224K)->4047K(4224K)
[2025-02-07T11:07:34.671+0530][gc          ] GC(4) Pause Young (Mixed) (Metadata GC Threshold) 163M->145M(1024M) 2.268ms
[2025-02-07T11:07:34.671+0530][gc,cpu      ] GC(4) User=0.01s Sys=0.00s Real=0.01s
[2025-02-07T11:07:34.675+0530][gc,start    ] GC(5) Pause Young (Concurrent Start) (Metadata GC Threshold)
[2025-02-07T11:07:34.675+0530][gc,task     ] GC(5) Using 8 workers of 8 for evacuation
[2025-02-07T11:07:34.676+0530][gc,phases   ] GC(5)   Pre Evacuate Collection Set: 0.11ms
[2025-02-07T11:07:34.676+0530][gc,phases   ] GC(5)   Merge Heap Roots: 0.03ms
[2025-02-07T11:07:34.676+0530][gc,phases   ] GC(5)   Evacuate Collection Set: 0.81ms
[2025-02-07T11:07:34.676+0530][gc,phases   ] GC(5)   Post Evacuate Collection Set: 0.12ms
[2025-02-07T11:07:34.676+0530][gc,phases   ] GC(5)   Other: 0.03ms
[2025-02-07T11:07:34.676+0530][gc,heap     ] GC(5) Eden regions: 2->0(49)
[2025-02-07T11:07:34.676+0530][gc,heap     ] GC(5) Survivor regions: 2->2(7)
[2025-02-07T11:07:34.676+0530][gc,heap     ] GC(5) Old regions: 15->15
[2025-02-07T11:07:34.676+0530][gc,heap     ] GC(5) Humongous regions: 129->129
[2025-02-07T11:07:34.676+0530][gc,metaspace] GC(5) Metaspace: 36095K(36416K)->36095K(36416K) NonClass: 32009K(32192K)->32009K(32192K) Class: 4085K(4224K)->4085K(4224K)
[2025-02-07T11:07:34.676+0530][gc          ] GC(5) Pause Young (Concurrent Start) (Metadata GC Threshold) 147M->145M(1024M) 1.182ms
[2025-02-07T11:07:34.676+0530][gc          ] GC(6) Concurrent Mark Cycle
[2025-02-07T11:07:34.676+0530][gc,cpu      ] GC(5) User=0.01s Sys=0.00s Real=0.00s
[2025-02-07T11:07:34.676+0530][gc,marking  ] GC(6) Concurrent Scan Root Regions
[2025-02-07T11:07:34.677+0530][gc,marking  ] GC(6) Concurrent Scan Root Regions 0.564ms
[2025-02-07T11:07:34.677+0530][gc,marking  ] GC(6) Concurrent Mark
[2025-02-07T11:07:34.677+0530][gc,marking  ] GC(6) Concurrent Mark From Roots
[2025-02-07T11:07:34.677+0530][gc,task     ] GC(6) Using 2 workers of 2 for marking
[2025-02-07T11:07:34.684+0530][gc,marking  ] GC(6) Concurrent Mark From Roots 7.136ms
[2025-02-07T11:07:34.684+0530][gc,marking  ] GC(6) Concurrent Preclean
[2025-02-07T11:07:34.684+0530][gc,marking  ] GC(6) Concurrent Preclean 0.043ms
[2025-02-07T11:07:34.684+0530][gc,start    ] GC(6) Pause Remark
[2025-02-07T11:07:34.685+0530][gc          ] GC(6) Pause Remark 147M->147M(1024M) 1.006ms
[2025-02-07T11:07:34.685+0530][gc,cpu      ] GC(6) User=0.00s Sys=0.00s Real=0.00s
[2025-02-07T11:07:34.685+0530][gc,marking  ] GC(6) Concurrent Mark 8.312ms
[2025-02-07T11:07:34.685+0530][gc,marking  ] GC(6) Concurrent Rebuild Remembered Sets and Scrub Regions
[2025-02-07T11:07:34.687+0530][gc,marking  ] GC(6) Concurrent Rebuild Remembered Sets and Scrub Regions 2.480ms
[2025-02-07T11:07:34.687+0530][gc,start    ] GC(6) Pause Cleanup
[2025-02-07T11:07:34.687+0530][gc          ] GC(6) Pause Cleanup 148M->148M(1024M) 0.017ms
[2025-02-07T11:07:34.687+0530][gc,cpu      ] GC(6) User=0.00s Sys=0.00s Real=0.00s
[2025-02-07T11:07:34.688+0530][gc,marking  ] GC(6) Concurrent Clear Claimed Marks
[2025-02-07T11:07:34.688+0530][gc,marking  ] GC(6) Concurrent Clear Claimed Marks 0.009ms
[2025-02-07T11:07:34.688+0530][gc,marking  ] GC(6) Concurrent Cleanup for Next Mark
[2025-02-07T11:07:34.689+0530][gc,marking  ] GC(6) Concurrent Cleanup for Next Mark 1.342ms
[2025-02-07T11:07:34.689+0530][gc          ] GC(6) Concurrent Mark Cycle 12.854ms
[2025-02-07T11:11:34.135+0530][gc,start    ] GC(7) Pause Young (Prepare Mixed) (G1 Evacuation Pause)
[2025-02-07T11:11:34.136+0530][gc,task     ] GC(7) Using 8 workers of 8 for evacuation
[2025-02-07T11:11:34.155+0530][gc,phases   ] GC(7)   Pre Evacuate Collection Set: 0.66ms
[2025-02-07T11:11:34.155+0530][gc,phases   ] GC(7)   Merge Heap Roots: 0.21ms
[2025-02-07T11:11:34.155+0530][gc,phases   ] GC(7)   Evacuate Collection Set: 15.62ms
[2025-02-07T11:11:34.155+0530][gc,phases   ] GC(7)   Post Evacuate Collection Set: 1.04ms
[2025-02-07T11:11:34.155+0530][gc,phases   ] GC(7)   Other: 0.58ms
[2025-02-07T11:11:34.155+0530][gc,heap     ] GC(7) Eden regions: 49->0(45)
[2025-02-07T11:11:34.155+0530][gc,heap     ] GC(7) Survivor regions: 2->6(7)
[2025-02-07T11:11:34.155+0530][gc,heap     ] GC(7) Old regions: 15->15
[2025-02-07T11:11:34.155+0530][gc,heap     ] GC(7) Humongous regions: 153->129
[2025-02-07T11:11:34.155+0530][gc,metaspace] GC(7) Metaspace: 42887K(43520K)->42887K(43520K) NonClass: 37718K(38080K)->37718K(38080K) Class: 5169K(5440K)->5169K(5440K)
[2025-02-07T11:11:34.155+0530][gc          ] GC(7) Pause Young (Prepare Mixed) (G1 Evacuation Pause) 218M->149M(1024M) 20.607ms
[2025-02-07T11:11:34.155+0530][gc,cpu      ] GC(7) User=0.02s Sys=0.06s Real=0.02s
[2025-02-07T11:18:57.250+0530][gc,start    ] GC(8) Pause Young (Mixed) (G1 Evacuation Pause)
[2025-02-07T11:18:57.251+0530][gc,task     ] GC(8) Using 8 workers of 8 for evacuation
[2025-02-07T11:18:57.270+0530][gc,phases   ] GC(8)   Pre Evacuate Collection Set: 2.03ms
[2025-02-07T11:18:57.271+0530][gc,phases   ] GC(8)   Merge Heap Roots: 1.18ms
[2025-02-07T11:18:57.271+0530][gc,phases   ] GC(8)   Evacuate Collection Set: 14.45ms
[2025-02-07T11:18:57.271+0530][gc,phases   ] GC(8)   Post Evacuate Collection Set: 0.55ms
[2025-02-07T11:18:57.271+0530][gc,phases   ] GC(8)   Other: 0.21ms
[2025-02-07T11:18:57.271+0530][gc,heap     ] GC(8) Eden regions: 45->0(48)
[2025-02-07T11:18:57.271+0530][gc,heap     ] GC(8) Survivor regions: 6->3(7)
[2025-02-07T11:18:57.271+0530][gc,heap     ] GC(8) Old regions: 15->19
[2025-02-07T11:18:57.271+0530][gc,heap     ] GC(8) Humongous regions: 129->129
[2025-02-07T11:18:57.271+0530][gc,metaspace] GC(8) Metaspace: 43259K(43904K)->43259K(43904K) NonClass: 38047K(38464K)->38047K(38464K) Class: 5211K(5440K)->5211K(5440K)
[2025-02-07T11:18:57.271+0530][gc          ] GC(8) Pause Young (Mixed) (G1 Evacuation Pause) 194M->149M(1024M) 21.206ms
[2025-02-07T11:18:57.271+0530][gc,cpu      ] GC(8) User=0.03s Sys=0.02s Real=0.03s
[2025-02-07T11:28:34.978+0530][gc,start    ] GC(9) Pause Young (Normal) (G1 Evacuation Pause)
[2025-02-07T11:28:34.980+0530][gc,task     ] GC(9) Using 8 workers of 8 for evacuation
[2025-02-07T11:28:35.014+0530][gc,mmu      ] GC(9) MMU target violated: 21.0ms (20.0ms/21.0ms)
[2025-02-07T11:28:35.015+0530][gc,phases   ] GC(9)   Pre Evacuate Collection Set: 1.55ms
[2025-02-07T11:28:35.015+0530][gc,phases   ] GC(9)   Merge Heap Roots: 0.33ms
[2025-02-07T11:28:35.016+0530][gc,phases   ] GC(9)   Evacuate Collection Set: 30.96ms
[2025-02-07T11:28:35.016+0530][gc,phases   ] GC(9)   Post Evacuate Collection Set: 0.70ms
[2025-02-07T11:28:35.016+0530][gc,phases   ] GC(9)   Other: 0.57ms
[2025-02-07T11:28:35.016+0530][gc,heap     ] GC(9) Eden regions: 48->0(44)
[2025-02-07T11:28:35.016+0530][gc,heap     ] GC(9) Survivor regions: 3->7(7)
[2025-02-07T11:28:35.016+0530][gc,heap     ] GC(9) Old regions: 19->19
[2025-02-07T11:28:35.016+0530][gc,heap     ] GC(9) Humongous regions: 129->129
[2025-02-07T11:28:35.016+0530][gc,metaspace] GC(9) Metaspace: 43343K(43968K)->43343K(43968K) NonClass: 38130K(38528K)->38130K(38528K) Class: 5212K(5440K)->5212K(5440K)
[2025-02-07T11:28:35.016+0530][gc          ] GC(9) Pause Young (Normal) (G1 Evacuation Pause) 197M->153M(1024M) 37.339ms
[2025-02-07T11:28:35.016+0530][gc,cpu      ] GC(9) User=0.04s Sys=0.03s Real=0.04s
[2025-02-07T11:41:22.753+0530][gc,start    ] GC(10) Pause Young (Normal) (G1 Evacuation Pause)
[2025-02-07T11:41:22.754+0530][gc,task     ] GC(10) Using 8 workers of 8 for evacuation
[2025-02-07T11:41:22.797+0530][gc,mmu      ] GC(10) MMU target violated: 21.0ms (20.0ms/21.0ms)
[2025-02-07T11:41:22.797+0530][gc,phases   ] GC(10)   Pre Evacuate Collection Set: 6.19ms
[2025-02-07T11:41:22.797+0530][gc,phases   ] GC(10)   Merge Heap Roots: 0.55ms
[2025-02-07T11:41:22.797+0530][gc,phases   ] GC(10)   Evacuate Collection Set: 33.77ms
[2025-02-07T11:41:22.797+0530][gc,phases   ] GC(10)   Post Evacuate Collection Set: 1.18ms
[2025-02-07T11:41:22.797+0530][gc,phases   ] GC(10)   Other: 0.86ms
[2025-02-07T11:41:22.797+0530][gc,heap     ] GC(10) Eden regions: 44->0(46)
[2025-02-07T11:41:22.797+0530][gc,heap     ] GC(10) Survivor regions: 7->5(7)
[2025-02-07T11:41:22.797+0530][gc,heap     ] GC(10) Old regions: 19->24
[2025-02-07T11:41:22.797+0530][gc,heap     ] GC(10) Humongous regions: 129->129
[2025-02-07T11:41:22.798+0530][gc,metaspace] GC(10) Metaspace: 43421K(44096K)->43421K(44096K) NonClass: 38207K(38656K)->38207K(38656K) Class: 5213K(5440K)->5213K(5440K)
[2025-02-07T11:41:22.798+0530][gc          ] GC(10) Pause Young (Normal) (G1 Evacuation Pause) 197M->157M(1024M) 46.420ms
[2025-02-07T11:41:22.798+0530][gc,cpu      ] GC(10) User=0.04s Sys=0.05s Real=0.04s
[2025-02-07T11:57:39.964+0530][gc,start    ] GC(11) Pause Young (Normal) (G1 Evacuation Pause)
[2025-02-07T11:57:39.966+0530][gc,task     ] GC(11) Using 8 workers of 8 for evacuation
[2025-02-07T11:57:39.986+0530][gc,mmu      ] GC(11) MMU target violated: 20.5ms (20.0ms/21.0ms)
[2025-02-07T11:57:39.987+0530][gc,phases   ] GC(11)   Pre Evacuate Collection Set: 1.41ms
[2025-02-07T11:57:39.987+0530][gc,phases   ] GC(11)   Merge Heap Roots: 0.45ms
[2025-02-07T11:57:39.987+0530][gc,phases   ] GC(11)   Evacuate Collection Set: 17.61ms
[2025-02-07T11:57:39.987+0530][gc,phases   ] GC(11)   Post Evacuate Collection Set: 0.50ms
[2025-02-07T11:57:39.987+0530][gc,phases   ] GC(11)   Other: 0.85ms
[2025-02-07T11:57:39.987+0530][gc,heap     ] GC(11) Eden regions: 46->0(46)
[2025-02-07T11:57:39.987+0530][gc,heap     ] GC(11) Survivor regions: 5->5(7)
[2025-02-07T11:57:39.987+0530][gc,heap     ] GC(11) Old regions: 24->27
[2025-02-07T11:57:39.987+0530][gc,heap     ] GC(11) Humongous regions: 129->129
[2025-02-07T11:57:39.987+0530][gc,metaspace] GC(11) Metaspace: 43518K(44160K)->43518K(44160K) NonClass: 38304K(38720K)->38304K(38720K) Class: 5213K(5440K)->5213K(5440K)
[2025-02-07T11:57:39.988+0530][gc          ] GC(11) Pause Young (Normal) (G1 Evacuation Pause) 203M->160M(1024M) 23.725ms
[2025-02-07T11:57:39.988+0530][gc,cpu      ] GC(11) User=0.04s Sys=0.04s Real=0.02s
[2025-02-07T12:12:54.976+0530][gc,start    ] GC(12) Pause Young (Normal) (G1 Evacuation Pause)
[2025-02-07T12:12:54.977+0530][gc,task     ] GC(12) Using 8 workers of 8 for evacuation
[2025-02-07T12:12:55.005+0530][gc,mmu      ] GC(12) MMU target violated: 21.0ms (20.0ms/21.0ms)
[2025-02-07T12:12:55.006+0530][gc,phases   ] GC(12)   Pre Evacuate Collection Set: 1.62ms
[2025-02-07T12:12:55.006+0530][gc,phases   ] GC(12)   Merge Heap Roots: 0.38ms
[2025-02-07T12:12:55.006+0530][gc,phases   ] GC(12)   Evacuate Collection Set: 25.11ms
[2025-02-07T12:12:55.006+0530][gc,phases   ] GC(12)   Post Evacuate Collection Set: 0.77ms
[2025-02-07T12:12:55.006+0530][gc,phases   ] GC(12)   Other: 0.36ms
[2025-02-07T12:12:55.006+0530][gc,heap     ] GC(12) Eden regions: 46->0(46)
[2025-02-07T12:12:55.006+0530][gc,heap     ] GC(12) Survivor regions: 5->5(7)
[2025-02-07T12:12:55.006+0530][gc,heap     ] GC(12) Old regions: 27->31
[2025-02-07T12:12:55.006+0530][gc,heap     ] GC(12) Humongous regions: 129->129
[2025-02-07T12:12:55.006+0530][gc,metaspace] GC(12) Metaspace: 43566K(44224K)->43566K(44224K) NonClass: 38348K(38784K)->38348K(38784K) Class: 5217K(5440K)->5217K(5440K)
[2025-02-07T12:12:55.007+0530][gc          ] GC(12) Pause Young (Normal) (G1 Evacuation Pause) 206M->164M(1024M) 31.880ms
[2025-02-07T12:12:55.007+0530][gc,cpu      ] GC(12) User=0.04s Sys=0.05s Real=0.03s
[2025-02-07T12:29:05.041+0530][gc,start    ] GC(13) Pause Young (Normal) (G1 Evacuation Pause)
[2025-02-07T12:29:05.042+0530][gc,task     ] GC(13) Using 8 workers of 8 for evacuation
[2025-02-07T12:29:05.067+0530][gc,mmu      ] GC(13) MMU target violated: 21.0ms (20.0ms/21.0ms)
[2025-02-07T12:29:05.068+0530][gc,phases   ] GC(13)   Pre Evacuate Collection Set: 1.67ms
[2025-02-07T12:29:05.068+0530][gc,phases   ] GC(13)   Merge Heap Roots: 0.48ms
[2025-02-07T12:29:05.068+0530][gc,phases   ] GC(13)   Evacuate Collection Set: 22.29ms
[2025-02-07T12:29:05.068+0530][gc,phases   ] GC(13)   Post Evacuate Collection Set: 0.52ms
[2025-02-07T12:29:05.068+0530][gc,phases   ] GC(13)   Other: 0.43ms
[2025-02-07T12:29:05.068+0530][gc,heap     ] GC(13) Eden regions: 46->0(48)
[2025-02-07T12:29:05.068+0530][gc,heap     ] GC(13) Survivor regions: 5->3(7)
[2025-02-07T12:29:05.068+0530][gc,heap     ] GC(13) Old regions: 31->34
[2025-02-07T12:29:05.068+0530][gc,heap     ] GC(13) Humongous regions: 129->129
[2025-02-07T12:29:05.068+0530][gc,metaspace] GC(13) Metaspace: 43580K(44224K)->43580K(44224K) NonClass: 38362K(38784K)->38362K(38784K) Class: 5217K(5440K)->5217K(5440K)
[2025-02-07T12:29:05.069+0530][gc          ] GC(13) Pause Young (Normal) (G1 Evacuation Pause) 210M->164M(1024M) 28.463ms
[2025-02-07T12:29:05.069+0530][gc,cpu      ] GC(13) User=0.02s Sys=0.04s Real=0.02s
[2025-02-07T12:45:58.878+0530][gc,start    ] GC(14) Pause Young (Normal) (G1 Evacuation Pause)
[2025-02-07T12:45:58.880+0530][gc,task     ] GC(14) Using 8 workers of 8 for evacuation
[2025-02-07T12:45:58.906+0530][gc,mmu      ] GC(14) MMU target violated: 21.0ms (20.0ms/21.0ms)
[2025-02-07T12:45:58.907+0530][gc,phases   ] GC(14)   Pre Evacuate Collection Set: 2.03ms
[2025-02-07T12:45:58.907+0530][gc,phases   ] GC(14)   Merge Heap Roots: 0.35ms
[2025-02-07T12:45:58.907+0530][gc,phases   ] GC(14)   Evacuate Collection Set: 21.27ms
[2025-02-07T12:45:58.907+0530][gc,phases   ] GC(14)   Post Evacuate Collection Set: 1.03ms
[2025-02-07T12:45:58.907+0530][gc,phases   ] GC(14)   Other: 1.96ms
[2025-02-07T12:45:58.907+0530][gc,heap     ] GC(14) Eden regions: 48->0(48)
[2025-02-07T12:45:58.907+0530][gc,heap     ] GC(14) Survivor regions: 3->3(7)
[2025-02-07T12:45:58.907+0530][gc,heap     ] GC(14) Old regions: 34->34
[2025-02-07T12:45:58.907+0530][gc,heap     ] GC(14) Humongous regions: 129->129
[2025-02-07T12:45:58.907+0530][gc,metaspace] GC(14) Metaspace: 43599K(44224K)->43599K(44224K) NonClass: 38381K(38784K)->38381K(38784K) Class: 5217K(5440K)->5217K(5440K)
[2025-02-07T12:45:58.907+0530][gc          ] GC(14) Pause Young (Normal) (G1 Evacuation Pause) 212M->164M(1024M) 31.381ms
[2025-02-07T12:45:58.907+0530][gc,cpu      ] GC(14) User=0.02s Sys=0.04s Real=0.03s
