[2025-02-06 20:29:43,060] INFO [GroupCoordinator 0]: Dynamic member with unknown member id joins group group-1 in Empty state. Created a new member id consumer-group-1-1-bd2b6549-d9ff-4004-a211-9250537a58fa and request the member to rejoin with this id. (kafka.coordinator.group.GroupCoordinator)
[2025-02-06 20:29:43,067] INFO [GroupCoordinator 0]: Preparing to rebalance group group-1 in state PreparingRebalance with old generation 0 (__consumer_offsets-49) (reason: Adding new member consumer-group-1-1-bd2b6549-d9ff-4004-a211-9250537a58fa with group instance id None; client reason: need to re-join with the given member-id: consumer-group-1-1-bd2b6549-d9ff-4004-a211-9250537a58fa) (kafka.coordinator.group.GroupCoordinator)
[2025-02-06 20:29:43,068] INFO [GroupCoordinator 0]: Stabilized group group-1 generation 1 (__consumer_offsets-49) with 1 members (kafka.coordinator.group.GroupCoordinator)
[2025-02-06 20:29:43,073] INFO [GroupCoordinator 0]: Assignment received from leader consumer-group-1-1-bd2b6549-d9ff-4004-a211-9250537a58fa for group group-1 for generation 1. The group has 1 members, 0 of which are static. (kafka.coordinator.group.GroupCoordinator)
[2025-02-06 20:30:17,801] INFO [GroupCoordinator 0]: Preparing to rebalance group group-1 in state PreparingRebalance with old generation 1 (__consumer_offsets-49) (reason: Removing member consumer-group-1-1-bd2b6549-d9ff-4004-a211-9250537a58fa on LeaveGroup; client reason: the consumer unsubscribed from all topics) (kafka.coordinator.group.GroupCoordinator)
[2025-02-06 20:30:17,802] INFO [GroupCoordinator 0]: Group group-1 with generation 2 is now empty (__consumer_offsets-49) (kafka.coordinator.group.GroupCoordinator)
[2025-02-06 20:30:17,808] INFO [GroupCoordinator 0]: Member MemberMetadata(memberId=consumer-group-1-1-bd2b6549-d9ff-4004-a211-9250537a58fa, groupInstanceId=None, clientId=consumer-group-1-1, clientHost=/127.0.0.1, sessionTimeoutMs=45000, rebalanceTimeoutMs=300000, supportedProtocols=List(range, cooperative-sticky)) has left group group-1 through explicit `LeaveGroup`; client reason: the consumer unsubscribed from all topics (kafka.coordinator.group.GroupCoordinator)
[2025-02-06 20:31:16,772] INFO [GroupCoordinator 0]: Dynamic member with unknown member id joins group group-1 in Empty state. Created a new member id consumer-group-1-1-6613d516-c1d4-4f1c-93b0-f4d925e35903 and request the member to rejoin with this id. (kafka.coordinator.group.GroupCoordinator)
[2025-02-06 20:31:16,775] INFO [GroupCoordinator 0]: Preparing to rebalance group group-1 in state PreparingRebalance with old generation 2 (__consumer_offsets-49) (reason: Adding new member consumer-group-1-1-6613d516-c1d4-4f1c-93b0-f4d925e35903 with group instance id None; client reason: need to re-join with the given member-id: consumer-group-1-1-6613d516-c1d4-4f1c-93b0-f4d925e35903) (kafka.coordinator.group.GroupCoordinator)
[2025-02-06 20:31:16,776] INFO [GroupCoordinator 0]: Stabilized group group-1 generation 3 (__consumer_offsets-49) with 1 members (kafka.coordinator.group.GroupCoordinator)
[2025-02-06 20:31:16,781] INFO [GroupCoordinator 0]: Assignment received from leader consumer-group-1-1-6613d516-c1d4-4f1c-93b0-f4d925e35903 for group group-1 for generation 3. The group has 1 members, 0 of which are static. (kafka.coordinator.group.GroupCoordinator)
[2025-02-06 20:31:27,702] INFO [GroupCoordinator 0]: Preparing to rebalance group group-1 in state PreparingRebalance with old generation 3 (__consumer_offsets-49) (reason: Removing member consumer-group-1-1-6613d516-c1d4-4f1c-93b0-f4d925e35903 on LeaveGroup; client reason: the consumer unsubscribed from all topics) (kafka.coordinator.group.GroupCoordinator)
[2025-02-06 20:31:27,702] INFO [GroupCoordinator 0]: Group group-1 with generation 4 is now empty (__consumer_offsets-49) (kafka.coordinator.group.GroupCoordinator)
[2025-02-06 20:31:27,704] INFO [GroupCoordinator 0]: Member MemberMetadata(memberId=consumer-group-1-1-6613d516-c1d4-4f1c-93b0-f4d925e35903, groupInstanceId=None, clientId=consumer-group-1-1, clientHost=/127.0.0.1, sessionTimeoutMs=45000, rebalanceTimeoutMs=300000, supportedProtocols=List(range, cooperative-sticky)) has left group group-1 through explicit `LeaveGroup`; client reason: the consumer unsubscribed from all topics (kafka.coordinator.group.GroupCoordinator)
[2025-02-06 20:34:46,820] INFO [GroupCoordinator 0]: Dynamic member with unknown member id joins group group-1 in Empty state. Created a new member id consumer-group-1-1-82a50c89-4eef-4c4d-9e8c-4fa2f5a5028e and request the member to rejoin with this id. (kafka.coordinator.group.GroupCoordinator)
[2025-02-06 20:34:46,827] INFO [GroupCoordinator 0]: Preparing to rebalance group group-1 in state PreparingRebalance with old generation 4 (__consumer_offsets-49) (reason: Adding new member consumer-group-1-1-82a50c89-4eef-4c4d-9e8c-4fa2f5a5028e with group instance id None; client reason: need to re-join with the given member-id: consumer-group-1-1-82a50c89-4eef-4c4d-9e8c-4fa2f5a5028e) (kafka.coordinator.group.GroupCoordinator)
[2025-02-06 20:34:46,828] INFO [GroupCoordinator 0]: Stabilized group group-1 generation 5 (__consumer_offsets-49) with 1 members (kafka.coordinator.group.GroupCoordinator)
[2025-02-06 20:34:46,832] INFO [GroupCoordinator 0]: Assignment received from leader consumer-group-1-1-82a50c89-4eef-4c4d-9e8c-4fa2f5a5028e for group group-1 for generation 5. The group has 1 members, 0 of which are static. (kafka.coordinator.group.GroupCoordinator)
[2025-02-06 20:42:33,054] INFO [GroupCoordinator 0]: Preparing to rebalance group console-consumer-57203 in state PreparingRebalance with old generation 1 (__consumer_offsets-8) (reason: Removing member console-consumer-d6fc05a6-81db-423b-b29d-d65376df8ce2 on LeaveGroup; client reason: the consumer is being closed) (kafka.coordinator.group.GroupCoordinator)
[2025-02-06 20:42:33,056] INFO [GroupCoordinator 0]: Group console-consumer-57203 with generation 2 is now empty (__consumer_offsets-8) (kafka.coordinator.group.GroupCoordinator)
[2025-02-06 20:42:33,060] INFO [GroupCoordinator 0]: Member MemberMetadata(memberId=console-consumer-d6fc05a6-81db-423b-b29d-d65376df8ce2, groupInstanceId=None, clientId=console-consumer, clientHost=/127.0.0.1, sessionTimeoutMs=45000, rebalanceTimeoutMs=300000, supportedProtocols=List(range, cooperative-sticky)) has left group console-consumer-57203 through explicit `LeaveGroup`; client reason: the consumer is being closed (kafka.coordinator.group.GroupCoordinator)
[2025-02-06 20:42:40,833] WARN Session 0x1005290361a0000 for server localhost/127.0.0.1:2181, Closing socket connection. Attempting reconnect except it is a SessionExpiredException. (org.apache.zookeeper.ClientCnxn)
EndOfStreamException: Unable to read additional data from server sessionid 0x1005290361a0000, likely server has closed socket
	at org.apache.zookeeper.ClientCnxnSocketNIO.doIO(ClientCnxnSocketNIO.java:77)
	at org.apache.zookeeper.ClientCnxnSocketNIO.doTransport(ClientCnxnSocketNIO.java:350)
	at org.apache.zookeeper.ClientCnxn$SendThread.run(ClientCnxn.java:1289)
[2025-02-06 20:42:42,059] INFO Opening socket connection to server localhost/127.0.0.1:2181. (org.apache.zookeeper.ClientCnxn)
[2025-02-06 20:42:42,060] WARN Session 0x1005290361a0000 for server localhost/127.0.0.1:2181, Closing socket connection. Attempting reconnect except it is a SessionExpiredException. (org.apache.zookeeper.ClientCnxn)
java.net.ConnectException: Connection refused
	at java.base/sun.nio.ch.Net.pollConnect(Native Method)
	at java.base/sun.nio.ch.Net.pollConnectNow(Net.java:682)
	at java.base/sun.nio.ch.SocketChannelImpl.finishConnect(SocketChannelImpl.java:1062)
	at org.apache.zookeeper.ClientCnxnSocketNIO.doTransport(ClientCnxnSocketNIO.java:344)
	at org.apache.zookeeper.ClientCnxn$SendThread.run(ClientCnxn.java:1289)
[2025-02-06 20:42:43,351] INFO Opening socket connection to server localhost/[0:0:0:0:0:0:0:1]:2181. (org.apache.zookeeper.ClientCnxn)
[2025-02-06 20:42:43,353] WARN Session 0x1005290361a0000 for server localhost/[0:0:0:0:0:0:0:1]:2181, Closing socket connection. Attempting reconnect except it is a SessionExpiredException. (org.apache.zookeeper.ClientCnxn)
java.net.ConnectException: Connection refused
	at java.base/sun.nio.ch.Net.pollConnect(Native Method)
	at java.base/sun.nio.ch.Net.pollConnectNow(Net.java:682)
	at java.base/sun.nio.ch.SocketChannelImpl.finishConnect(SocketChannelImpl.java:1062)
	at org.apache.zookeeper.ClientCnxnSocketNIO.doTransport(ClientCnxnSocketNIO.java:344)
	at org.apache.zookeeper.ClientCnxn$SendThread.run(ClientCnxn.java:1289)
[2025-02-06 20:42:45,045] INFO Opening socket connection to server localhost/127.0.0.1:2181. (org.apache.zookeeper.ClientCnxn)
[2025-02-06 20:42:45,047] WARN Session 0x1005290361a0000 for server localhost/127.0.0.1:2181, Closing socket connection. Attempting reconnect except it is a SessionExpiredException. (org.apache.zookeeper.ClientCnxn)
java.net.ConnectException: Connection refused
	at java.base/sun.nio.ch.Net.pollConnect(Native Method)
	at java.base/sun.nio.ch.Net.pollConnectNow(Net.java:682)
	at java.base/sun.nio.ch.SocketChannelImpl.finishConnect(SocketChannelImpl.java:1062)
	at org.apache.zookeeper.ClientCnxnSocketNIO.doTransport(ClientCnxnSocketNIO.java:344)
	at org.apache.zookeeper.ClientCnxn$SendThread.run(ClientCnxn.java:1289)
[2025-02-06 20:42:46,173] INFO Opening socket connection to server localhost/[0:0:0:0:0:0:0:1]:2181. (org.apache.zookeeper.ClientCnxn)
[2025-02-06 20:42:46,175] WARN Session 0x1005290361a0000 for server localhost/[0:0:0:0:0:0:0:1]:2181, Closing socket connection. Attempting reconnect except it is a SessionExpiredException. (org.apache.zookeeper.ClientCnxn)
java.net.ConnectException: Connection refused
	at java.base/sun.nio.ch.Net.pollConnect(Native Method)
	at java.base/sun.nio.ch.Net.pollConnectNow(Net.java:682)
	at java.base/sun.nio.ch.SocketChannelImpl.finishConnect(SocketChannelImpl.java:1062)
	at org.apache.zookeeper.ClientCnxnSocketNIO.doTransport(ClientCnxnSocketNIO.java:344)
	at org.apache.zookeeper.ClientCnxn$SendThread.run(ClientCnxn.java:1289)
[2025-02-06 20:42:47,975] INFO Opening socket connection to server localhost/[0:0:0:0:0:0:0:1]:2181. (org.apache.zookeeper.ClientCnxn)
[2025-02-06 20:42:47,977] WARN Session 0x1005290361a0000 for server localhost/[0:0:0:0:0:0:0:1]:2181, Closing socket connection. Attempting reconnect except it is a SessionExpiredException. (org.apache.zookeeper.ClientCnxn)
java.net.ConnectException: Connection refused
	at java.base/sun.nio.ch.Net.pollConnect(Native Method)
	at java.base/sun.nio.ch.Net.pollConnectNow(Net.java:682)
	at java.base/sun.nio.ch.SocketChannelImpl.finishConnect(SocketChannelImpl.java:1062)
	at org.apache.zookeeper.ClientCnxnSocketNIO.doTransport(ClientCnxnSocketNIO.java:344)
	at org.apache.zookeeper.ClientCnxn$SendThread.run(ClientCnxn.java:1289)
[2025-02-06 20:42:48,157] INFO Terminating process due to signal SIGHUP (org.apache.kafka.common.utils.LoggingSignalHandler)
[2025-02-06 20:42:48,181] INFO [KafkaServer id=0] shutting down (kafka.server.KafkaServer)
[2025-02-06 20:42:48,193] INFO [KafkaServer id=0] Starting controlled shutdown (kafka.server.KafkaServer)
[2025-02-06 20:42:48,234] INFO [KafkaServer id=0] Controlled shutdown request returned successfully after 31ms (kafka.server.KafkaServer)
[2025-02-06 20:42:48,237] INFO [/config/changes-event-process-thread]: Shutting down (kafka.common.ZkNodeChangeNotificationListener$ChangeEventProcessThread)
[2025-02-06 20:42:48,237] INFO [/config/changes-event-process-thread]: Stopped (kafka.common.ZkNodeChangeNotificationListener$ChangeEventProcessThread)
[2025-02-06 20:42:48,238] INFO [/config/changes-event-process-thread]: Shutdown completed (kafka.common.ZkNodeChangeNotificationListener$ChangeEventProcessThread)
[2025-02-06 20:42:48,238] INFO [SocketServer listenerType=ZK_BROKER, nodeId=0] Stopping socket server request processors (kafka.network.SocketServer)
[2025-02-06 20:42:48,242] INFO [SocketServer listenerType=ZK_BROKER, nodeId=0] Stopped socket server request processors (kafka.network.SocketServer)
[2025-02-06 20:42:48,243] INFO [data-plane Kafka Request Handler on Broker 0], shutting down (kafka.server.KafkaRequestHandlerPool)
[2025-02-06 20:42:48,244] INFO [data-plane Kafka Request Handler on Broker 0], shut down completely (kafka.server.KafkaRequestHandlerPool)
[2025-02-06 20:42:48,246] INFO [ExpirationReaper-0-AlterAcls]: Shutting down (kafka.server.DelayedOperationPurgatory$ExpiredOperationReaper)
[2025-02-06 20:42:48,246] INFO [ExpirationReaper-0-AlterAcls]: Stopped (kafka.server.DelayedOperationPurgatory$ExpiredOperationReaper)
[2025-02-06 20:42:48,246] INFO [ExpirationReaper-0-AlterAcls]: Shutdown completed (kafka.server.DelayedOperationPurgatory$ExpiredOperationReaper)
[2025-02-06 20:42:48,248] INFO [KafkaApi-0] Shutdown complete. (kafka.server.KafkaApis)
[2025-02-06 20:42:48,248] INFO [ExpirationReaper-0-topic]: Shutting down (kafka.server.DelayedOperationPurgatory$ExpiredOperationReaper)
[2025-02-06 20:42:48,248] INFO [ExpirationReaper-0-topic]: Stopped (kafka.server.DelayedOperationPurgatory$ExpiredOperationReaper)
[2025-02-06 20:42:48,248] INFO [ExpirationReaper-0-topic]: Shutdown completed (kafka.server.DelayedOperationPurgatory$ExpiredOperationReaper)
[2025-02-06 20:42:48,249] INFO [TransactionCoordinator id=0] Shutting down. (kafka.coordinator.transaction.TransactionCoordinator)
[2025-02-06 20:42:48,249] INFO [Transaction State Manager 0]: Shutdown complete (kafka.coordinator.transaction.TransactionStateManager)
[2025-02-06 20:42:48,249] INFO [TxnMarkerSenderThread-0]: Shutting down (kafka.coordinator.transaction.TransactionMarkerChannelManager)
[2025-02-06 20:42:48,249] INFO [TxnMarkerSenderThread-0]: Stopped (kafka.coordinator.transaction.TransactionMarkerChannelManager)
[2025-02-06 20:42:48,249] INFO [TxnMarkerSenderThread-0]: Shutdown completed (kafka.coordinator.transaction.TransactionMarkerChannelManager)
[2025-02-06 20:42:48,250] INFO [TransactionCoordinator id=0] Shutdown complete. (kafka.coordinator.transaction.TransactionCoordinator)
[2025-02-06 20:42:48,250] INFO [GroupCoordinator 0]: Shutting down. (kafka.coordinator.group.GroupCoordinator)
[2025-02-06 20:42:48,250] INFO [ExpirationReaper-0-Heartbeat]: Shutting down (kafka.server.DelayedOperationPurgatory$ExpiredOperationReaper)
[2025-02-06 20:42:48,251] INFO [ExpirationReaper-0-Heartbeat]: Stopped (kafka.server.DelayedOperationPurgatory$ExpiredOperationReaper)
[2025-02-06 20:42:48,251] INFO [ExpirationReaper-0-Heartbeat]: Shutdown completed (kafka.server.DelayedOperationPurgatory$ExpiredOperationReaper)
[2025-02-06 20:42:48,251] INFO [ExpirationReaper-0-Rebalance]: Shutting down (kafka.server.DelayedOperationPurgatory$ExpiredOperationReaper)
[2025-02-06 20:42:48,251] INFO [ExpirationReaper-0-Rebalance]: Stopped (kafka.server.DelayedOperationPurgatory$ExpiredOperationReaper)
[2025-02-06 20:42:48,251] INFO [ExpirationReaper-0-Rebalance]: Shutdown completed (kafka.server.DelayedOperationPurgatory$ExpiredOperationReaper)
[2025-02-06 20:42:48,252] INFO [GroupCoordinator 0]: Shutdown complete. (kafka.coordinator.group.GroupCoordinator)
[2025-02-06 20:42:48,252] INFO [ReplicaManager broker=0] Shutting down (kafka.server.ReplicaManager)
[2025-02-06 20:42:48,253] INFO [LogDirFailureHandler]: Shutting down (kafka.server.ReplicaManager$LogDirFailureHandler)
[2025-02-06 20:42:48,253] INFO [LogDirFailureHandler]: Stopped (kafka.server.ReplicaManager$LogDirFailureHandler)
[2025-02-06 20:42:48,253] INFO [LogDirFailureHandler]: Shutdown completed (kafka.server.ReplicaManager$LogDirFailureHandler)
[2025-02-06 20:42:48,253] INFO [ReplicaFetcherManager on broker 0] shutting down (kafka.server.ReplicaFetcherManager)
[2025-02-06 20:42:48,254] INFO [ReplicaFetcherManager on broker 0] shutdown completed (kafka.server.ReplicaFetcherManager)
[2025-02-06 20:42:48,254] INFO [ReplicaAlterLogDirsManager on broker 0] shutting down (kafka.server.ReplicaAlterLogDirsManager)
[2025-02-06 20:42:48,254] INFO [ReplicaAlterLogDirsManager on broker 0] shutdown completed (kafka.server.ReplicaAlterLogDirsManager)
[2025-02-06 20:42:48,254] INFO [ExpirationReaper-0-Fetch]: Shutting down (kafka.server.DelayedOperationPurgatory$ExpiredOperationReaper)
[2025-02-06 20:42:48,254] INFO [ExpirationReaper-0-Fetch]: Stopped (kafka.server.DelayedOperationPurgatory$ExpiredOperationReaper)
[2025-02-06 20:42:48,254] INFO [ExpirationReaper-0-Fetch]: Shutdown completed (kafka.server.DelayedOperationPurgatory$ExpiredOperationReaper)
[2025-02-06 20:42:48,254] INFO [ExpirationReaper-0-RemoteFetch]: Shutting down (kafka.server.DelayedOperationPurgatory$ExpiredOperationReaper)
[2025-02-06 20:42:48,254] INFO [ExpirationReaper-0-RemoteFetch]: Stopped (kafka.server.DelayedOperationPurgatory$ExpiredOperationReaper)
[2025-02-06 20:42:48,254] INFO [ExpirationReaper-0-RemoteFetch]: Shutdown completed (kafka.server.DelayedOperationPurgatory$ExpiredOperationReaper)
[2025-02-06 20:42:48,255] INFO [ExpirationReaper-0-Produce]: Shutting down (kafka.server.DelayedOperationPurgatory$ExpiredOperationReaper)
[2025-02-06 20:42:48,255] INFO [ExpirationReaper-0-Produce]: Stopped (kafka.server.DelayedOperationPurgatory$ExpiredOperationReaper)
[2025-02-06 20:42:48,255] INFO [ExpirationReaper-0-Produce]: Shutdown completed (kafka.server.DelayedOperationPurgatory$ExpiredOperationReaper)
[2025-02-06 20:42:48,255] INFO [ExpirationReaper-0-DeleteRecords]: Shutting down (kafka.server.DelayedOperationPurgatory$ExpiredOperationReaper)
[2025-02-06 20:42:48,255] INFO [ExpirationReaper-0-DeleteRecords]: Stopped (kafka.server.DelayedOperationPurgatory$ExpiredOperationReaper)
[2025-02-06 20:42:48,255] INFO [ExpirationReaper-0-DeleteRecords]: Shutdown completed (kafka.server.DelayedOperationPurgatory$ExpiredOperationReaper)
[2025-02-06 20:42:48,255] INFO [ExpirationReaper-0-ElectLeader]: Shutting down (kafka.server.DelayedOperationPurgatory$ExpiredOperationReaper)
[2025-02-06 20:42:48,255] INFO [ExpirationReaper-0-ElectLeader]: Stopped (kafka.server.DelayedOperationPurgatory$ExpiredOperationReaper)
[2025-02-06 20:42:48,255] INFO [ExpirationReaper-0-ElectLeader]: Shutdown completed (kafka.server.DelayedOperationPurgatory$ExpiredOperationReaper)
[2025-02-06 20:42:48,266] INFO [AddPartitionsToTxnSenderThread-0]: Shutting down (kafka.server.AddPartitionsToTxnManager)
[2025-02-06 20:42:48,266] INFO [AddPartitionsToTxnSenderThread-0]: Stopped (kafka.server.AddPartitionsToTxnManager)
[2025-02-06 20:42:48,266] INFO [AddPartitionsToTxnSenderThread-0]: Shutdown completed (kafka.server.AddPartitionsToTxnManager)
[2025-02-06 20:42:48,267] INFO [ReplicaManager broker=0] Shut down completely (kafka.server.ReplicaManager)
[2025-02-06 20:42:48,267] INFO [zk-broker-0-to-controller-alter-partition-channel-manager]: Shutting down (kafka.server.NodeToControllerRequestThread)
[2025-02-06 20:42:48,267] INFO [zk-broker-0-to-controller-alter-partition-channel-manager]: Stopped (kafka.server.NodeToControllerRequestThread)
[2025-02-06 20:42:48,267] INFO [zk-broker-0-to-controller-alter-partition-channel-manager]: Shutdown completed (kafka.server.NodeToControllerRequestThread)
[2025-02-06 20:42:48,268] INFO Node to controller channel manager for alter-partition shutdown (kafka.server.NodeToControllerChannelManagerImpl)
[2025-02-06 20:42:48,268] INFO [zk-broker-0-to-controller-forwarding-channel-manager]: Shutting down (kafka.server.NodeToControllerRequestThread)
[2025-02-06 20:42:48,268] INFO [zk-broker-0-to-controller-forwarding-channel-manager]: Stopped (kafka.server.NodeToControllerRequestThread)
[2025-02-06 20:42:48,268] INFO [zk-broker-0-to-controller-forwarding-channel-manager]: Shutdown completed (kafka.server.NodeToControllerRequestThread)
[2025-02-06 20:42:48,268] INFO Node to controller channel manager for forwarding shutdown (kafka.server.NodeToControllerChannelManagerImpl)
[2025-02-06 20:42:48,268] INFO Shutting down. (kafka.log.LogManager)
[2025-02-06 20:42:48,269] INFO [kafka-log-cleaner-thread-0]: Shutting down (kafka.log.LogCleaner$CleanerThread)
[2025-02-06 20:42:48,269] INFO [kafka-log-cleaner-thread-0]: Stopped (kafka.log.LogCleaner$CleanerThread)
[2025-02-06 20:42:48,269] INFO [kafka-log-cleaner-thread-0]: Shutdown completed (kafka.log.LogCleaner$CleanerThread)
[2025-02-06 20:42:48,330] INFO [ProducerStateManager partition=__consumer_offsets-41] Wrote producer snapshot at offset 1 with 0 producer ids in 3 ms. (org.apache.kafka.storage.internals.log.ProducerStateManager)
[2025-02-06 20:42:48,340] INFO [ProducerStateManager partition=__consumer_offsets-8] Wrote producer snapshot at offset 2 with 0 producer ids in 4 ms. (org.apache.kafka.storage.internals.log.ProducerStateManager)
[2025-02-06 20:42:48,350] INFO [ProducerStateManager partition=__consumer_offsets-49] Wrote producer snapshot at offset 13 with 0 producer ids in 3 ms. (org.apache.kafka.storage.internals.log.ProducerStateManager)
[2025-02-06 20:42:48,380] INFO [ProducerStateManager partition=user-topic-0] Wrote producer snapshot at offset 9 with 1 producer ids in 4 ms. (org.apache.kafka.storage.internals.log.ProducerStateManager)
[2025-02-06 20:42:48,396] INFO [ProducerStateManager partition=__consumer_offsets-45] Wrote producer snapshot at offset 1 with 0 producer ids in 3 ms. (org.apache.kafka.storage.internals.log.ProducerStateManager)
[2025-02-06 20:42:48,448] INFO [ProducerStateManager partition=location-update-topic-0] Wrote producer snapshot at offset 15 with 2 producer ids in 3 ms. (org.apache.kafka.storage.internals.log.ProducerStateManager)
[2025-02-06 20:42:48,504] INFO Shutdown complete. (kafka.log.LogManager)
[2025-02-06 20:42:48,506] INFO [feature-zk-node-event-process-thread]: Shutting down (kafka.server.FinalizedFeatureChangeListener$ChangeNotificationProcessorThread)
[2025-02-06 20:42:48,506] INFO [feature-zk-node-event-process-thread]: Stopped (kafka.server.FinalizedFeatureChangeListener$ChangeNotificationProcessorThread)
[2025-02-06 20:42:48,506] INFO [feature-zk-node-event-process-thread]: Shutdown completed (kafka.server.FinalizedFeatureChangeListener$ChangeNotificationProcessorThread)
[2025-02-06 20:42:48,507] INFO [ZooKeeperClient Kafka server] Closing. (kafka.zookeeper.ZooKeeperClient)
[2025-02-06 20:42:50,084] INFO Opening socket connection to server localhost/127.0.0.1:2181. (org.apache.zookeeper.ClientCnxn)
[2025-02-06 20:42:50,197] INFO Session: 0x1005290361a0000 closed (org.apache.zookeeper.ZooKeeper)
[2025-02-06 20:42:50,197] INFO EventThread shut down for session: 0x1005290361a0000 (org.apache.zookeeper.ClientCnxn)
[2025-02-06 20:42:50,199] INFO [ZooKeeperClient Kafka server] Closed. (kafka.zookeeper.ZooKeeperClient)
[2025-02-06 20:42:50,199] INFO [ThrottledChannelReaper-Fetch]: Shutting down (kafka.server.ClientQuotaManager$ThrottledChannelReaper)
[2025-02-06 20:42:50,202] INFO [ThrottledChannelReaper-Fetch]: Stopped (kafka.server.ClientQuotaManager$ThrottledChannelReaper)
[2025-02-06 20:42:50,202] INFO [ThrottledChannelReaper-Fetch]: Shutdown completed (kafka.server.ClientQuotaManager$ThrottledChannelReaper)
[2025-02-06 20:42:50,203] INFO [ThrottledChannelReaper-Produce]: Shutting down (kafka.server.ClientQuotaManager$ThrottledChannelReaper)
[2025-02-06 20:42:50,203] INFO [ThrottledChannelReaper-Produce]: Stopped (kafka.server.ClientQuotaManager$ThrottledChannelReaper)
[2025-02-06 20:42:50,203] INFO [ThrottledChannelReaper-Produce]: Shutdown completed (kafka.server.ClientQuotaManager$ThrottledChannelReaper)
[2025-02-06 20:42:50,203] INFO [ThrottledChannelReaper-Request]: Shutting down (kafka.server.ClientQuotaManager$ThrottledChannelReaper)
[2025-02-06 20:42:50,204] INFO [ThrottledChannelReaper-Request]: Stopped (kafka.server.ClientQuotaManager$ThrottledChannelReaper)
[2025-02-06 20:42:50,204] INFO [ThrottledChannelReaper-Request]: Shutdown completed (kafka.server.ClientQuotaManager$ThrottledChannelReaper)
[2025-02-06 20:42:50,204] INFO [ThrottledChannelReaper-ControllerMutation]: Shutting down (kafka.server.ClientQuotaManager$ThrottledChannelReaper)
[2025-02-06 20:42:50,204] INFO [ThrottledChannelReaper-ControllerMutation]: Stopped (kafka.server.ClientQuotaManager$ThrottledChannelReaper)
[2025-02-06 20:42:50,204] INFO [ThrottledChannelReaper-ControllerMutation]: Shutdown completed (kafka.server.ClientQuotaManager$ThrottledChannelReaper)
[2025-02-06 20:42:50,205] INFO [SocketServer listenerType=ZK_BROKER, nodeId=0] Shutting down socket server (kafka.network.SocketServer)
[2025-02-06 20:42:50,219] INFO [SocketServer listenerType=ZK_BROKER, nodeId=0] Shutdown completed (kafka.network.SocketServer)
[2025-02-06 20:42:50,219] INFO Metrics scheduler closed (org.apache.kafka.common.metrics.Metrics)
[2025-02-06 20:42:50,219] INFO Closing reporter org.apache.kafka.common.metrics.JmxReporter (org.apache.kafka.common.metrics.Metrics)
[2025-02-06 20:42:50,219] INFO Metrics reporters closed (org.apache.kafka.common.metrics.Metrics)
[2025-02-06 20:42:50,220] INFO Broker and topic stats closed (kafka.server.BrokerTopicStats)
[2025-02-06 20:42:50,220] INFO App info kafka.server for 0 unregistered (org.apache.kafka.common.utils.AppInfoParser)
[2025-02-06 20:42:50,220] INFO [KafkaServer id=0] shut down completed (kafka.server.KafkaServer)
